d0
    description: Low Profile Desktop Computer
    product: HP Compaq Elite 8300 SFF (QV996AV)
    vendor: Hewlett-Packard
    serial: CNG2297HJS
    width: 64 bits
    capabilities: smbios-2.7 dmi-2.7 vsyscall32
    configuration: boot=normal chassis=low-profile family=103C_53307F G=D sku=QV996AV uuid=80876FC0-37CB-E111-9096-24BE05097C8F
  *-core
       description: Motherboard
       product: 3397
       vendor: Hewlett-Packard
       physical id: 0
       serial: CNG2297HJS
     *-firmware
          description: BIOS
          vendor: Hewlett-Packard
          physical id: 0
          version: K01 v02.05
          date: 05/07/2012
          size: 64KiB
          capacity: 15MiB
          capabilities: pci pnp upgrade shadowing cdboot bootselect edd int5printscreen int9keyboard int14serial int17printer acpi usb biosbootspecification netboot uefi
     *-cpu
          description: CPU
          product: Intel(R) Core(TM) i7-3770 CPU @ 3.40GHz
          vendor: Intel Corp.
          physical id: 4
          bus info: cpu@0
          version: Intel(R) Core(TM) i7-3770 CPU @ 3.40GHz
          slot: SOCKET 0
          size: 1600MHz
          capacity: 3800MHz
          width: 64 bits
          clock: 100MHz
          capabilities: x86-64 fpu fpu_exception wp vme de pse tsc msr pae mce cx8 apic sep mtrr pge mca cmov pat pse36 clflush dts acpi mmx fxsr sse sse2 ss ht tm pbe syscall nx rdtscp constant_tsc arch_perfmon pebs bts rep_good nopl xtopology nonstop_tsc aperfmperf pni pclmulqdq dtes64 monitor ds_cpl vmx smx est tm2 ssse3 cx16 xtpr pdcm pcid sse4_1 sse4_2 x2apic popcnt tsc_deadline_timer aes xsave avx f16c rdrand lahf_lm ida arat epb xsaveopt pln pts dtherm tpr_shadow vnmi flexpriority ept vpid fsgsbase smep erms cpufreq
          configuration: cores=4 enabledcores=4 threads=8
        *-cache:0
             description: L1 cache
             physical id: 5
             slot: L1-Cache
             size: 256KiB
             capacity: 256KiB
             capabilities: internal write-through unified
        *-cache:1
             description: L2 cache
             physical id: 6
             slot: L2-Cache
             size: 1MiB
             capacity: 1MiB
             capabilities: internal write-through unified
        *-cache:2
             description: L3 cache
             physical id: 7
             slot: L3-Cache
             size: 8MiB
             capacity: 8MiB
             capabilities: internal write-back unified
     *-memory
          description: System Memory
          physical id: 2b
          slot: System board or motherboard
          size: 20GiB
        *-bank:0
             description: DIMM DDR3 Synchronous 1600 MHz (0.6 ns)
             product: 99U5403-123.A00LF
             vendor: Kingston
             physical id: 0
             serial: 0F06E9B7
             slot: DIMM4
             size: 8GiB
             width: 64 bits
             clock: 1600MHz (0.6ns)
        *-bank:1
             description: DIMM DDR3 Synchronous 1600 MHz (0.6 ns)
             product: 99U5403-123.A00LF
             vendor: Kingston
             physical id: 1
             serial: 0F063FB8
             slot: DIMM3
             size: 8GiB
             width: 64 bits
             clock: 1600MHz (0.6ns)
        *-bank:2
             description: DIMM [empty]
             product: [Empty]
             vendor: [Empty]
             physical id: 2
             serial: [Empty]
             slot: DIMM2
        *-bank:3
             description: DIMM DDR3 Synchronous 1600 MHz (0.6 ns)
             product: M378B5273DH0-CK0
             vendor: Samsung
             physical id: 3
             serial: 939C157A
             slot: DIMM1
             size: 4GiB
             width: 64 bits
             clock: 1600MHz (0.6ns)
     *-pci
          description: Host bridge
          product: Xeon E3-1200 v2/3rd Gen Core processor DRAM Controller
          vendor: Intel Corporation
          physical id: 100
          bus info: pci@0000:00:00.0
          version: 09
          width: 32 bits
          clock: 33MHz
          configuration: driver=agpgart-intel
          resources: irq:0
        *-display
             description: VGA compatible controller
             product: Xeon E3-1200 v2/3rd Gen Core processor Graphics Controller
             vendor: Intel Corporation
             physical id: 2
             bus info: pci@0000:00:02.0
             version: 09
             width: 64 bits
             clock: 33MHz
             capabilities: msi pm vga_controller bus_master cap_list rom
             configuration: driver=i915 latency=0
             resources: irq:43 memory:f7800000-f7bfffff memory:e0000000-efffffff ioport:f000(size=64)
        *-usb:0
             description: USB controller
             product: 7 Series/C210 Series Chipset Family USB xHCI Host Controller
             vendor: Intel Corporation
             physical id: 14
             bus info: pci@0000:00:14.0
             version: 04
             width: 64 bits
             clock: 33MHz
             capabilities: pm msi xhci bus_master cap_list
             configuration: driver=xhci_hcd latency=0
             resources: irq:42 memory:f7c20000-f7c2ffff
        *-communication:0 UNCLAIMED
             description: Communication controller
             product: 7 Series/C210 Series Chipset Family MEI Controller #1
             vendor: Intel Corporation
             physical id: 16
             bus info: pci@0000:00:16.0
             version: 04
             width: 64 bits
             clock: 33MHz
             capabilities: pm msi bus_master cap_list
             configuration: latency=0
             resources: memory:f7c3c000-f7c3c00f
        *-communication:1
             description: Serial controller
             product: 7 Series/C210 Series Chipset Family KT Controller
             vendor: Intel Corporation
             physical id: 16.3
             bus info: pci@0000:00:16.3
             version: 04
             width: 32 bits
             clock: 66MHz
             capabilities: pm msi 16550 cap_list
             configuration: driver=serial latency=0
             resources: irq:19 ioport:f0e0(size=8) memory:f7c3a000-f7c3afff
        *-network
             description: Ethernet interface
             product: 82579LM Gigabit Network Connection
             vendor: Intel Corporation
             physical id: 19
             bus info: pci@0000:00:19.0
             logical name: eth0
             version: 04
             serial: 24:be:05:09:7c:8f
             size: 100Mbit/s
             capacity: 1Gbit/s
             width: 32 bits
             clock: 33MHz
             capabilities: pm msi bus_master cap_list ethernet physical tp 10bt 10bt-fd 100bt 100bt-fd 1000bt-fd autonegotiation
             configuration: autonegotiation=on broadcast=yes driver=e1000e driverversion=2.3.2-k duplex=full firmware=0.13-4 ip=202.45.128.181 latency=0 link=yes multicast=yes port=twisted pair speed=100Mbit/s
             resources: irq:40 memory:f7c00000-f7c1ffff memory:f7c39000-f7c39fff ioport:f080(size=32)
        *-usb:1
             description: USB controller
             product: 7 Series/C210 Series Chipset Family USB Enhanced Host Controller #2
             vendor: Intel Corporation
             physical id: 1a
             bus info: pci@0000:00:1a.0
             version: 04
             width: 32 bits
             clock: 33MHz
             capabilities: pm debug ehci bus_master cap_list
             configuration: driver=ehci_hcd latency=0
             resources: irq:16 memory:f7c38000-f7c383ff
        *-multimedia
             description: Audio device
             product: 7 Series/C210 Series Chipset Family High Definition Audio Controller
             vendor: Intel Corporation
             physical id: 1b
             bus info: pci@0000:00:1b.0
             version: 04
             width: 64 bits
             clock: 33MHz
             capabilities: pm msi pciexpress bus_master cap_list
             configuration: driver=snd_hda_intel latency=0
             resources: irq:44 memory:f7c30000-f7c33fff
        *-usb:2
             description: USB controller
             product: 7 Series/C210 Series Chipset Family USB Enhanced Host Controller #1
             vendor: Intel Corporation
             physical id: 1d
             bus info: pci@0000:00:1d.0
             version: 04
             width: 32 bits
             clock: 33MHz
             capabilities: pm debug ehci bus_master cap_list
             configuration: driver=ehci_hcd latency=0
             resources: irq:23 memory:f7c37000-f7c373ff
        *-pci
             description: PCI bridge
             product: 82801 PCI Bridge
             vendor: Intel Corporation
             physical id: 1e
             bus info: pci@0000:00:1e.0
             version: a4
             width: 32 bits
             clock: 33MHz
             capabilities: pci subtractive_decode bus_master cap_list
        *-isa
             description: ISA bridge
             product: Q77 Express Chipset LPC Controller
             vendor: Intel Corporation
             physical id: 1f
             bus info: pci@0000:00:1f.0
             version: 04
             width: 32 bits
             clock: 33MHz
             capabilities: isa bus_master cap_list
             configuration: latency=0
        *-storage
             description: SATA controller
             product: 7 Series/C210 Series Chipset Family 6-port SATA Controller [AHCI mode]
             vendor: Intel Corporation
             physical id: 1f.2
             bus info: pci@0000:00:1f.2
             logical name: scsi0
             logical name: scsi1
             logical name: scsi2
             version: 04
             width: 32 bits
             clock: 66MHz
             capabilities: storage msi pm ahci_1.0 bus_master cap_list emulated
             configuration: driver=ahci latency=0
             resources: irq:41 ioport:f0d0(size=8) ioport:f0c0(size=4) ioport:f0b0(size=8) ioport:f0a0(size=4) ioport:f060(size=32) memory:f7c36000-f7c367ff
           *-disk:0
                description: ATA Disk
                product: Hitachi HDS72101
                vendor: Hitachi
                physical id: 0
                bus info: scsi@0:0.0.0
                logical name: /dev/sda
                version: JP4O
                serial: JP2940N024HGEV
                size: 931GiB (1TB)
                capabilities: gpt-1.00 partitioned partitioned:gpt
                configuration: ansiversion=5 guid=fc7849df-9feb-423a-bce7-a8d584fff673 sectorsize=512
              *-volume:0
                   description: Windows FAT volume
                   vendor: MSWIN4.1
                   physical id: 1
                   bus info: scsi@0:0.0.0,1
                   logical name: /dev/sda1
                   logical name: /boot/efi
                   version: FAT32
                   serial: 55cb-4ded
                   size: 485MiB
                   capacity: 486MiB
                   capabilities: boot fat initialized
                   configuration: FATs=2 filesystem=fat mount.fstype=vfat mount.options=rw,relatime,fmask=0022,dmask=0022,codepage=cp437,iocharset=utf8,shortname=mixed,errors=remount-ro state=mounted
              *-volume:1
                   description: EXT4 volume
                   vendor: Linux
                   physical id: 2
                   bus info: scsi@0:0.0.0,2
                   logical name: /dev/sda2
                   logical name: /
                   version: 1.0
                   serial: 020c936f-f408-4e18-abc8-feda7eaf191f
                   size: 911GiB
                   capabilities: journaled extended_attributes large_files huge_files dir_nlink recover extents ext4 ext2 initialized
                   configuration: created=2014-07-10 20:34:39 filesystem=ext4 lastmountpoint=/ modified=2014-07-10 17:34:24 mount.fstype=ext4 mount.options=rw,relatime,errors=remount-ro,user_xattr,barrier=1,data=ordered mounted=2014-07-10 17:34:24 state=mounted
              *-volume:2
                   description: Linux swap volume
                   vendor: Linux
                   physical id: 3
                   bus info: scsi@0:0.0.0,3
                   logical name: /dev/sda3
                   version: 1
                   serial: 4f8b3962-c32e-42fe-a7ed-f0317b875ba3
                   size: 19GiB
                   capacity: 19GiB
                   capabilities: nofs swap initialized
                   configuration: filesystem=swap pagesize=4095
           *-disk:1
                description: ATA Disk
                product: Hitachi HDS72101
                vendor: Hitachi
                physical id: 1
                bus info: scsi@1:0.0.0
                logical name: /dev/sdb
                version: JP4O
                serial: JP2940N101YGSV
                size: 931GiB (1TB)
                configuration: ansiversion=5 sectorsize=512
           *-cdrom
                description: DVD-RAM writer
                product: DVD-RAM GH80N
                vendor: hp
                physical id: 0.0.0
                bus info: scsi@2:0.0.0
                logical name: /dev/cdrom
                logical name: /dev/cdrw
                logical name: /dev/dvd
                logical name: /dev/dvdrw
                logical name: /dev/sr0
                version: RF04
                capabilities: removable audio cd-r cd-rw dvd dvd-r dvd-ram
                configuration: ansiversion=5 status=nodisc
        *-serial UNCLAIMED
             description: SMBus
             product: 7 Series/C210 Series Chipset Family SMBus Controller
             vendor: Intel Corporation
             physical id: 1f.3
             bus info: pci@0000:00:1f.3
             version: 04
             width: 64 bits
             clock: 33MHz
             configuration: latency=0
             resources: memory:f7c35000-f7c350ff ioport:f040(size=32)
  *-power UNCLAIMED
       description: To Be Filled By O.E.M.
       product: To Be Filled By O.E.M.
       vendor: To Be Filled By O.E.M.
       physical id: 1
       version: To Be Filled By O.E.M.
       serial: To Be Filled By O.E.M.
       capacity: 32768mWh
